<?xml version="1.0" encoding="UTF-8"?>
<!-- Generated by org.testng.reporters.JUnitXMLReporter -->
<testsuite hostname="DESKTOP-PFR1QLE" ignored="0" name="Test" tests="1" failures="0" timestamp="10 May 2018 17:34:05 GMT" time="0.05" errors="0">
  <testcase name="@BeforeTest setExtent" time="0.0" classname="com.automation.selenium.ExtentReportScreenShot.ExtentScreenShot">
    <failure type="org.testng.TestNGException" message="
Can inject only one of &amp;lt;ITestContext, XmlTest&amp;gt; into a @BeforeTest annotated setExtent.
For more information on native dependency injection please refer to http://testng.org/doc/documentation-main.html#native-dependency-injection">
      <![CDATA[org.testng.TestNGException: 
Can inject only one of <ITestContext, XmlTest> into a @BeforeTest annotated setExtent.
For more information on native dependency injection please refer to http://testng.org/doc/documentation-main.html#native-dependency-injection
... Removed 24 stack frames]]>
    </failure>
  </testcase> <!-- @BeforeTest setExtent -->
  <testcase name="@BeforeMethod launch" time="0.0" classname="com.automation.selenium.ExtentReportScreenShot.ExtentScreenShot">
    <skipped/>
  </testcase> <!-- @BeforeMethod launch -->
  <testcase name="@AfterMethod close" time="0.0" classname="com.automation.selenium.ExtentReportScreenShot.ExtentScreenShot">
    <skipped/>
  </testcase> <!-- @AfterMethod close -->
  <testcase name="@AfterMethod endExtent" time="0.0" classname="com.automation.selenium.ExtentReportScreenShot.ExtentScreenShot">
    <skipped/>
  </testcase> <!-- @AfterMethod endExtent -->
  <testcase name="gmailLog" time="0.0" classname="com.automation.selenium.ExtentReportScreenShot.ExtentScreenShot">
    <skipped/>
  </testcase> <!-- gmailLog -->
</testsuite> <!-- Test -->
