<?xml version="1.0" encoding="UTF-8"?>
<testng-results skipped="0" failed="0" ignored="0" total="1" passed="1">
  <reporter-output>
  </reporter-output>
  <suite name="Default suite" duration-ms="12707" started-at="2018-05-14T10:31:24Z" finished-at="2018-05-14T10:31:37Z">
    <groups>
    </groups>
    <test name="Default test" duration-ms="12707" started-at="2018-05-14T10:31:24Z" finished-at="2018-05-14T10:31:37Z">
      <class name="Day1">
        <test-method status="PASS" signature="login()[pri:0, instance:Day1@4b9e13df]" name="login" duration-ms="12656" started-at="2018-05-14T10:31:24Z" finished-at="2018-05-14T10:31:37Z">
          <reporter-output>
          </reporter-output>
        </test-method> <!-- login -->
      </class> <!-- Day1 -->
    </test> <!-- Default test -->
  </suite> <!-- Default suite -->
</testng-results>
