<?xml version="1.0" encoding="UTF-8"?>
<!-- Generated by org.testng.reporters.JUnitXMLReporter -->
<testsuite hostname="DESKTOP-PFR1QLE" ignored="4" name="chrome_Test" tests="2" failures="0" timestamp="12 Apr 2018 06:30:51 GMT" time="12.657" errors="0">
  <testcase name="gmail" time="8.07" classname="com.seleniumAutomation.businessScripts.Gmail_Test"/>
  <testcase name="fbTest" time="4.54" classname="com.seleniumAutomation.businessScripts.Facebook_Test"/>
  <testcase name="@AfterSuite closeBrowser" time="0.0" classname="com.seleniumAutomation.base.WebdriverEngine">
    <ignored/>
  </testcase> <!-- @AfterSuite closeBrowser -->
  <testcase name="@AfterSuite closeBrowser" time="0.0" classname="com.seleniumAutomation.base.WebdriverEngine">
    <ignored/>
  </testcase> <!-- @AfterSuite closeBrowser -->
  <testcase name="@BeforeSuite openBrowser" time="0.0" classname="com.seleniumAutomation.base.WebdriverEngine">
    <ignored/>
  </testcase> <!-- @BeforeSuite openBrowser -->
  <testcase name="@BeforeSuite openBrowser" time="0.0" classname="com.seleniumAutomation.base.WebdriverEngine">
    <ignored/>
  </testcase> <!-- @BeforeSuite openBrowser -->
</testsuite> <!-- chrome_Test -->
