<?xml version="1.0" encoding="UTF-8"?>
<!-- Generated by org.testng.reporters.JUnitXMLReporter -->
<testsuite hostname="DESKTOP-PFR1QLE" ignored="2" name="ie_Test" tests="1" failures="1" timestamp="11 Apr 2018 06:19:53 GMT" time="0.077" errors="0">
  <testcase name="gmail" time="0.01" classname="com.seleniumAutomation.businessScripts.Gmail_Test">
    <failure type="java.lang.NullPointerException">
      <![CDATA[java.lang.NullPointerException
at com.seleniumAutomation.businessScripts.Gmail_Test.gmail(Gmail_Test.java:16)
... Removed 25 stack frames]]>
    </failure>
  </testcase> <!-- gmail -->
  <testcase name="@AfterSuite closeBrowser" time="0.0" classname="com.seleniumAutomation.base.WebdriverEngine">
    <ignored/>
  </testcase> <!-- @AfterSuite closeBrowser -->
  <testcase name="@BeforeSuite openBrowser" time="0.0" classname="com.seleniumAutomation.base.WebdriverEngine">
    <ignored/>
  </testcase> <!-- @BeforeSuite openBrowser -->
</testsuite> <!-- ie_Test -->
