<?xml version="1.0" encoding="UTF-8"?>
<testng-results skipped="0" failed="0" total="2" passed="2">
  <reporter-output>
  </reporter-output>
  <suite name="Default suite" duration-ms="40" started-at="2018-04-12T05:11:14Z" finished-at="2018-04-12T05:11:14Z">
    <groups>
    </groups>
    <test name="Default test" duration-ms="40" started-at="2018-04-12T05:11:14Z" finished-at="2018-04-12T05:11:14Z">
      <class name="com.TestNg.TestNG_Annotations_TestCases">
        <test-method status="PASS" signature="beforeSuite()[pri:0, instance:com.TestNg.TestNG_Annotations_TestCases@29ee9faa]" name="beforeSuite" is-config="true" duration-ms="10" started-at="2018-04-12T10:41:14Z" finished-at="2018-04-12T10:41:14Z">
          <reporter-output>
          </reporter-output>
        </test-method> <!-- beforeSuite -->
        <test-method status="PASS" signature="beforeTest()[pri:0, instance:com.TestNg.TestNG_Annotations_TestCases@29ee9faa]" name="beforeTest" is-config="true" duration-ms="1" started-at="2018-04-12T10:41:14Z" finished-at="2018-04-12T10:41:14Z">
          <reporter-output>
          </reporter-output>
        </test-method> <!-- beforeTest -->
        <test-method status="PASS" signature="beforeClass()[pri:0, instance:com.TestNg.TestNG_Annotations_TestCases@29ee9faa]" name="beforeClass" is-config="true" duration-ms="0" started-at="2018-04-12T10:41:14Z" finished-at="2018-04-12T10:41:14Z">
          <reporter-output>
          </reporter-output>
        </test-method> <!-- beforeClass -->
        <test-method status="PASS" signature="beforeMethod()[pri:0, instance:com.TestNg.TestNG_Annotations_TestCases@29ee9faa]" name="beforeMethod" is-config="true" duration-ms="1" started-at="2018-04-12T10:41:14Z" finished-at="2018-04-12T10:41:14Z">
          <reporter-output>
          </reporter-output>
        </test-method> <!-- beforeMethod -->
        <test-method status="PASS" signature="testCase1()[pri:0, instance:com.TestNg.TestNG_Annotations_TestCases@29ee9faa]" name="testCase1" duration-ms="5" started-at="2018-04-12T10:41:14Z" finished-at="2018-04-12T10:41:14Z">
          <reporter-output>
          </reporter-output>
        </test-method> <!-- testCase1 -->
        <test-method status="PASS" signature="afterMethod()[pri:0, instance:com.TestNg.TestNG_Annotations_TestCases@29ee9faa]" name="afterMethod" is-config="true" duration-ms="3" started-at="2018-04-12T10:41:14Z" finished-at="2018-04-12T10:41:14Z">
          <reporter-output>
          </reporter-output>
        </test-method> <!-- afterMethod -->
        <test-method status="PASS" signature="testCase2()[pri:0, instance:com.TestNg.TestNG_Annotations_TestCases@29ee9faa]" name="testCase2" duration-ms="3" started-at="2018-04-12T10:41:14Z" finished-at="2018-04-12T10:41:14Z">
          <reporter-output>
          </reporter-output>
        </test-method> <!-- testCase2 -->
        <test-method status="PASS" signature="beforeMethod()[pri:0, instance:com.TestNg.TestNG_Annotations_TestCases@29ee9faa]" name="beforeMethod" is-config="true" duration-ms="0" started-at="2018-04-12T10:41:14Z" finished-at="2018-04-12T10:41:14Z">
          <reporter-output>
          </reporter-output>
        </test-method> <!-- beforeMethod -->
        <test-method status="PASS" signature="afterClass()[pri:0, instance:com.TestNg.TestNG_Annotations_TestCases@29ee9faa]" name="afterClass" is-config="true" duration-ms="1" started-at="2018-04-12T10:41:14Z" finished-at="2018-04-12T10:41:14Z">
          <reporter-output>
          </reporter-output>
        </test-method> <!-- afterClass -->
        <test-method status="PASS" signature="afterMethod()[pri:0, instance:com.TestNg.TestNG_Annotations_TestCases@29ee9faa]" name="afterMethod" is-config="true" duration-ms="0" started-at="2018-04-12T10:41:14Z" finished-at="2018-04-12T10:41:14Z">
          <reporter-output>
          </reporter-output>
        </test-method> <!-- afterMethod -->
        <test-method status="PASS" signature="afterTest()[pri:0, instance:com.TestNg.TestNG_Annotations_TestCases@29ee9faa]" name="afterTest" is-config="true" duration-ms="1" started-at="2018-04-12T10:41:14Z" finished-at="2018-04-12T10:41:14Z">
          <reporter-output>
          </reporter-output>
        </test-method> <!-- afterTest -->
        <test-method status="PASS" signature="afterSuite()[pri:0, instance:com.TestNg.TestNG_Annotations_TestCases@29ee9faa]" name="afterSuite" is-config="true" duration-ms="0" started-at="2018-04-12T10:41:14Z" finished-at="2018-04-12T10:41:14Z">
          <reporter-output>
          </reporter-output>
        </test-method> <!-- afterSuite -->
      </class> <!-- com.TestNg.TestNG_Annotations_TestCases -->
    </test> <!-- Default test -->
  </suite> <!-- Default suite -->
</testng-results>
